proguard/seeds.txt
android.support.v4.app.FragmentManagerState
android.support.v4.app.FragmentManagerState: android.os.Parcelable$Creator CREATOR
android.support.v4.app.FragmentState
android.support.v4.app.FragmentState: android.os.Parcelable$Creator CREATOR
android.support.v4.app.FragmentTabHost
android.support.v4.app.FragmentTabHost: FragmentTabHost(android.content.Context,android.util.AttributeSet)
android.support.v4.app.FragmentTabHost$SavedState
android.support.v4.app.FragmentTabHost$SavedState: android.os.Parcelable$Creator CREATOR
android.support.v4.content.ModernAsyncTask$Status: android.support.v4.content.ModernAsyncTask$Status[] values()
android.support.v4.content.ModernAsyncTask$Status: android.support.v4.content.ModernAsyncTask$Status valueOf(java.lang.String)
android.support.v4.view.PagerTabStrip
android.support.v4.view.PagerTabStrip: PagerTabStrip(android.content.Context,android.util.AttributeSet)
android.support.v4.view.PagerTitleStrip
android.support.v4.view.PagerTitleStrip: PagerTitleStrip(android.content.Context,android.util.AttributeSet)
android.support.v4.view.ViewPager
android.support.v4.view.ViewPager: ViewPager(android.content.Context,android.util.AttributeSet)
android.support.v4.view.ViewPager$LayoutParams
android.support.v4.view.ViewPager$LayoutParams: ViewPager$LayoutParams(android.content.Context,android.util.AttributeSet)
android.support.v4.view.ViewPager$SavedState
android.support.v4.view.ViewPager$SavedState: android.os.Parcelable$Creator CREATOR
com.baidu.location.Jni
com.baidu.location.Jni: java.lang.String a(byte[],int)
com.baidu.location.Jni: java.lang.String b(double,double,int,int)
com.baidu.location.f
com.baidu.location.f: f()
com.baidu.location.f$c$a
com.baidu.location.i$b
net.bestidear.bestidearlauncher.ChoiceActivity
net.bestidear.bestidearlauncher.ChoiceActivity: ChoiceActivity()
net.bestidear.bestidearlauncher.Clock
net.bestidear.bestidearlauncher.Clock: Clock(android.content.Context,android.util.AttributeSet,int)
net.bestidear.bestidearlauncher.Clock: Clock(android.content.Context,android.util.AttributeSet)
net.bestidear.bestidearlauncher.Clock: Clock(android.content.Context)
net.bestidear.bestidearlauncher.Launcher
net.bestidear.bestidearlauncher.Launcher: Launcher()
net.bestidear.bestidearlauncher.LauncherApplication
net.bestidear.bestidearlauncher.LauncherApplication: LauncherApplication()
net.bestidear.bestidearlauncher.MyActivity
net.bestidear.bestidearlauncher.MyActivity: MyActivity()
net.bestidear.bestidearlauncher.allAppActivity
net.bestidear.bestidearlauncher.allAppActivity: allAppActivity()
net.bestidear.bestidearlauncher.model.AllappcellLayout
net.bestidear.bestidearlauncher.model.AllappcellLayout: AllappcellLayout(android.content.Context,android.util.AttributeSet)
net.bestidear.bestidearlauncher.model.AllappcellLayout: AllappcellLayout(android.content.Context,android.util.AttributeSet,int)
net.bestidear.bestidearlauncher.model.GridItem
net.bestidear.bestidearlauncher.model.GridItem: GridItem(android.content.Context,android.util.AttributeSet)
net.bestidear.bestidearlauncher.model.GridItem: GridItem(android.content.Context,android.util.AttributeSet,int)
net.bestidear.bestidearlauncher.model.addLayout
net.bestidear.bestidearlauncher.model.addLayout: addLayout(android.content.Context)
net.bestidear.bestidearlauncher.model.addLayout: addLayout(android.content.Context,android.util.AttributeSet)
net.bestidear.bestidearlauncher.model.addLayout: addLayout(android.content.Context,android.util.AttributeSet,int)
net.bestidear.bestidearlauncher.model.cellLayout
net.bestidear.bestidearlauncher.model.cellLayout: cellLayout(android.content.Context,android.util.AttributeSet)
net.bestidear.bestidearlauncher.model.cellLayout: cellLayout(android.content.Context,android.util.AttributeSet,int)