proguard/usage.txt
com.baidu.location.h
com.baidu.location.h$a
com.baidu.location.i:
    public static final java.lang.String new
    private com.baidu.location.i$a int
    public i(android.content.Context,com.baidu.location.LocationClient)
    public void a(com.baidu.location.BDNotifyListener)
    private void a(com.baidu.location.BDLocation)
    static synthetic void a(com.baidu.location.i,com.baidu.location.BDLocation)
com.baidu.location.i$a
com.baidu.location.i$b:
    public i$b(com.baidu.location.i)
com.baidu.location.j:
    public static final boolean case
    public static final boolean B
    public static final boolean y
    private static final int T
    j()
    static java.lang.String a()
    public static void a(java.lang.String)
    public static void if(java.lang.String)
com.baidu.location.j$a:
    private static final boolean a
com.baidu.location.j$b:
    private static final java.lang.String if
    private static final java.lang.String do
    private static final java.lang.String for
    private static final java.lang.String a
    private j$b()
com.baidu.location.k:
    private static final int if
    private static final int for
    private static final int s
    private static final int d
    private static final int f
    private static final int goto
    k()
    public static void a(java.lang.String,int)
    public static void a(java.lang.String,int,boolean)
    public static void a(int,int)
    public static void a(int,int,boolean)
    public static void for()
    public static void new()
net.bestidear.bestidearlauncher.BuildConfig
net.bestidear.bestidearlauncher.ChoiceActivity:
    private java.lang.String[] s
net.bestidear.bestidearlauncher.Clock:
    private static final java.lang.String m12
    private static final java.lang.String m24
    84:88:private static java.lang.String format(int)
net.bestidear.bestidearlauncher.Launcher:
    private java.lang.String jsonData
    public static final java.lang.String CITY_CODE_FILE
    public static final java.lang.String STORE_WEATHER
    public static final java.lang.String LAUNCHER_CUSTOM_FILE
    public static final int DisplayWeather
    public static final int GoneWeather
    public static final int ShowDailog
    public static final int LiveIntent
    public static final int KEYCODE_PROG_RED
    public static final int KEYCODE_PROG_GREEN
    public static final int KEYCODE_PROG_YELLOW
    public static final int KEYCODE_PROG_BLUE
    public static final int KEYCODE_SETTING
    671:680:private int checkUsblist(java.lang.String)
    780:794:private void getConfigFromNet()
net.bestidear.bestidearlauncher.Launcher$1:
    static final java.lang.String SYSTEM_REASON
    static final java.lang.String SYSTEM_HOME_KEY
    static final java.lang.String SYSTEM_RECENT_APPS
net.bestidear.bestidearlauncher.Launcher$8
net.bestidear.bestidearlauncher.LauncherApplication:
    96:98:private void unregisterIntentReceivers()
net.bestidear.bestidearlauncher.MyActivity:
    public static final int Update_weather
    24:24:public android.os.Handler getHandler()
net.bestidear.bestidearlauncher.R
net.bestidear.bestidearlauncher.R$anim
net.bestidear.bestidearlauncher.R$attr
net.bestidear.bestidearlauncher.R$color
net.bestidear.bestidearlauncher.R$dimen
net.bestidear.bestidearlauncher.R$drawable
net.bestidear.bestidearlauncher.R$id
net.bestidear.bestidearlauncher.R$layout
net.bestidear.bestidearlauncher.R$raw
net.bestidear.bestidearlauncher.R$string
net.bestidear.bestidearlauncher.R$style
net.bestidear.bestidearlauncher.allAppActivity:
    private static final java.lang.String Tag
    public static final int RESET
net.bestidear.bestidearlauncher.model.ApplicationInfo:
    public boolean filtered
net.bestidear.bestidearlauncher.model.GridItem:
    27:28:public GridItem(android.content.Context,android.util.AttributeSet)
net.bestidear.bestidearlauncher.model.cellLayout:
    227:228:public void requestfouces()